\BOOKMARK [1][-]{section.1}{Introduction}{}% 1
\BOOKMARK [2][-]{section*.1}{La part du secteur tertiaire dans les consommations et les émissions de GES en France}{section.1}% 2
\BOOKMARK [2][-]{section*.1}{les objectifs des politiques publiques impactant le tertiaire}{section.1}% 3
\BOOKMARK [2][-]{section*.1}{Littérature sur le sujet de la rénovation dans le tertiaire??}{section.1}% 4
\BOOKMARK [2][-]{section*.1}{Apports et structure de l'étude}{section.1}% 5
\BOOKMARK [1][-]{section.2}{État initial du parc tertiaire}{}% 6
\BOOKMARK [2][-]{section*.2}{Reconstitution statistique des surfaces du parc tertiaire}{section.2}% 7
\BOOKMARK [2][-]{figure.caption.4}{Parts de marchés des énergies}{section.2}% 8
\BOOKMARK [2][-]{figure.caption.6}{Subdivision du parc en \253 bâtiment types \273}{section.2}% 9
\BOOKMARK [2][-]{figure.caption.7}{Calcul des besoins et des consommations unitaires des bâtiments}{section.2}% 10
\BOOKMARK [2][-]{figure.caption.8}{Rendements des systèmes et consommations unitaires à l'état initial}{section.2}% 11
\BOOKMARK [2][-]{figure.caption.13}{Performance énergétique du parc à l'état initial}{section.2}% 12
\BOOKMARK [2][-]{figure.caption.14}{Aggrégation des consommations à l'échelle du parc tertiaire}{section.2}% 13
\BOOKMARK [1][-]{section.3}{Dynamique et calibration du modèle}{}% 14
\BOOKMARK [2][-]{section*.18}{Evaluation des potentiels d'économie d'énergie et coûts de mise en œuvre}{section.3}% 15
\BOOKMARK [2][-]{table.caption.20}{Dynamique du parc}{section.3}% 16
\BOOKMARK [2][-]{figure.caption.21}{Rénovation du parc existant }{section.3}% 17
\BOOKMARK [2][-]{equation.3.17}{Dynamique pour les autres usages}{section.3}% 18
\BOOKMARK [2][-]{equation.3.17}{Évolution des consommations et des émissions}{section.3}% 19
\BOOKMARK [2][-]{figure.caption.23}{Calibration initiale du modèle}{section.3}% 20
\BOOKMARK [2][-]{figure.caption.28}{Test de sensibilité sur le long terme}{section.3}% 21
\BOOKMARK [1][-]{section.4}{Scénarios}{}% 22
\BOOKMARK [2][-]{section*.29}{Description des scénarios}{section.4}% 23
\BOOKMARK [2][-]{section*.29}{Hypothèses de prix des énergies et de mix énergétique à horizon 2050}{section.4}% 24
\BOOKMARK [2][-]{figure.caption.32}{Mesures et hypothèses sur le parc tertiaire neuf}{section.4}% 25
\BOOKMARK [2][-]{table.caption.38}{Mesures sur le parc existant}{section.4}% 26
\BOOKMARK [2][-]{table.caption.41}{Hypothèses sur les usages hors chauffage}{section.4}% 27
\BOOKMARK [1][-]{section.5}{Résultats des scénarios}{}% 28
\BOOKMARK [2][-]{section*.45}{Résultats généraux}{section.5}% 29
\BOOKMARK [2][-]{figure.caption.53}{Résultats détaillés}{section.5}% 30
\BOOKMARK [2][-]{table.caption.62}{Impacts économiques et efficience}{section.5}% 31
\BOOKMARK [1][-]{section.6}{Comparaison de l'impact unitaire des mesures}{}% 32
\BOOKMARK [2][-]{section*.67}{Impact unitaire la composante carbone}{section.6}% 33
\BOOKMARK [2][-]{table.caption.73}{Décarbonation}{section.6}% 34
\BOOKMARK [2][-]{table.caption.73}{Comparaison aux autres mesures sur la rénovation énergétique}{section.6}% 35
\BOOKMARK [1][-]{section.7}{Conclusion}{}% 36
\BOOKMARK [1][-]{section.8}{Annexes}{}% 37
\BOOKMARK [1][-]{section.9}{R\351f\351rences}{}% 38
