09-22-2017 17:10:48.326 [main] INFO  LauncherInit - {} - Start engine
09-22-2017 17:10:49.114 [main] INFO  InitializeServiceImpl - {} - Ratio_aux_froid - Begin
09-22-2017 17:10:51.085 [main] WARN  DropTableDASImpl - {} - table Ratio_aux_froid does not exist
09-22-2017 17:10:52.110 [main] INFO  InitializeServiceImpl - {} - Ratio_aux_froid - Done
09-22-2017 17:10:52.111 [main] INFO  InitializeServiceImpl - {} - Geste_Bati - Begin
09-22-2017 17:10:52.112 [main] WARN  DropTableDASImpl - {} - table Geste_Bati does not exist
09-22-2017 17:10:59.852 [main] INFO  InitializeServiceImpl - {} - Geste_Bati - Done
09-22-2017 17:10:59.852 [main] INFO  InitializeServiceImpl - {} - Rdt_chauffage - Begin
09-22-2017 17:10:59.853 [main] WARN  DropTableDASImpl - {} - table Rdt_chauffage does not exist
09-22-2017 17:11:12.295 [main] INFO  InitializeServiceImpl - {} - Rdt_chauffage - Done
09-22-2017 17:11:12.296 [main] INFO  InitializeServiceImpl - {} - PM_neuf - Begin
09-22-2017 17:11:12.297 [main] WARN  DropTableDASImpl - {} - table PM_neuf does not exist
09-22-2017 17:11:14.440 [main] INFO  InitializeServiceImpl - {} - PM_neuf - Done
09-22-2017 17:11:14.441 [main] INFO  InitializeServiceImpl - {} - Etiquettes_Bornes - Begin
09-22-2017 17:11:14.442 [main] WARN  DropTableDASImpl - {} - table Etiquettes_Bornes does not exist
09-22-2017 17:11:14.512 [main] INFO  InitializeServiceImpl - {} - Etiquettes_Bornes - Done
09-22-2017 17:11:14.513 [main] INFO  InitializeServiceImpl - {} - Rdt_climatisation - Begin
09-22-2017 17:11:14.515 [main] WARN  DropTableDASImpl - {} - table Rdt_climatisation does not exist
09-22-2017 17:11:16.552 [main] INFO  InitializeServiceImpl - {} - Rdt_climatisation - Done
09-22-2017 17:11:16.554 [main] INFO  InitializeServiceImpl - {} - Calibration_CI - Begin
09-22-2017 17:11:16.556 [main] WARN  DropTableDASImpl - {} - table Calibration_CI does not exist
09-22-2017 17:11:18.736 [main] INFO  InitializeServiceImpl - {} - Calibration_CI - Done
09-22-2017 17:11:18.737 [main] INFO  InitializeServiceImpl - {} - Calibration_CI_Bati - Begin
09-22-2017 17:11:18.738 [main] WARN  DropTableDASImpl - {} - table Calibration_CI_Bati does not exist
09-22-2017 17:11:19.276 [main] INFO  InitializeServiceImpl - {} - Calibration_CI_Bati - Done
09-22-2017 17:11:19.277 [main] INFO  InitializeServiceImpl - {} - Chauffage_init - Begin
09-22-2017 17:11:19.280 [main] WARN  DropTableDASImpl - {} - table Chauffage_init does not exist
09-22-2017 17:11:29.722 [main] INFO  InitializeServiceImpl - {} - Chauffage_init - Done
09-22-2017 17:11:29.723 [main] INFO  InitializeServiceImpl - {} - Auxiliaires_init - Begin
09-22-2017 17:11:29.724 [main] WARN  DropTableDASImpl - {} - table Auxiliaires_init does not exist
09-22-2017 17:11:40.162 [main] INFO  InitializeServiceImpl - {} - Auxiliaires_init - Done
09-22-2017 17:11:40.162 [main] INFO  InitializeServiceImpl - {} - Process_init - Begin
09-22-2017 17:11:40.163 [main] WARN  DropTableDASImpl - {} - table Process_init does not exist
09-22-2017 17:11:41.466 [main] INFO  InitializeServiceImpl - {} - Process_init - Done
09-22-2017 17:11:41.467 [main] INFO  InitializeServiceImpl - {} - ECS_init - Begin
09-22-2017 17:11:41.469 [main] WARN  DropTableDASImpl - {} - table ECS_init does not exist
09-22-2017 17:11:48.275 [main] INFO  InitializeServiceImpl - {} - ECS_init - Done
09-22-2017 17:11:48.276 [main] INFO  InitializeServiceImpl - {} - ID - Begin
09-22-2017 17:11:48.277 [main] WARN  DropTableDASImpl - {} - table ID does not exist
09-22-2017 17:12:00.011 [main] INFO  InitializeServiceImpl - {} - ID - Done
09-22-2017 17:12:00.012 [main] INFO  InitializeServiceImpl - {} - Ecl_ventil_couts - Begin
09-22-2017 17:12:00.013 [main] WARN  DropTableDASImpl - {} - table Ecl_ventil_couts does not exist
09-22-2017 17:12:00.068 [main] INFO  InitializeServiceImpl - {} - Ecl_ventil_couts - Done
09-22-2017 17:12:00.070 [main] INFO  InitializeServiceImpl - {} - Etiquettes_Categories - Begin
09-22-2017 17:12:00.072 [main] WARN  DropTableDASImpl - {} - table Etiquettes_Categories does not exist
09-22-2017 17:12:00.274 [main] INFO  InitializeServiceImpl - {} - Etiquettes_Categories - Done
09-22-2017 17:12:00.275 [main] INFO  InitializeServiceImpl - {} - Climatisation_init - Begin
09-22-2017 17:12:00.277 [main] WARN  DropTableDASImpl - {} - table Climatisation_init does not exist
09-22-2017 17:12:02.810 [main] INFO  InitializeServiceImpl - {} - Climatisation_init - Done
09-22-2017 17:12:02.810 [main] INFO  InitializeServiceImpl - {} - Cuisson_init - Begin
09-22-2017 17:12:02.812 [main] WARN  DropTableDASImpl - {} - table Cuisson_init does not exist
09-22-2017 17:12:07.497 [main] INFO  InitializeServiceImpl - {} - Cuisson_init - Done
09-22-2017 17:12:07.498 [main] INFO  InitializeServiceImpl - {} - Ratio_aux_chaud - Begin
09-22-2017 17:12:07.499 [main] WARN  DropTableDASImpl - {} - table Ratio_aux_chaud does not exist
09-22-2017 17:12:07.565 [main] INFO  InitializeServiceImpl - {} - Ratio_aux_chaud - Done
09-22-2017 17:12:07.566 [main] INFO  InitializeServiceImpl - {} - Froid_alimentaire_init - Begin
09-22-2017 17:12:07.567 [main] WARN  DropTableDASImpl - {} - table Froid_alimentaire_init does not exist
09-22-2017 17:12:08.889 [main] INFO  InitializeServiceImpl - {} - Froid_alimentaire_init - Done
09-22-2017 17:12:08.890 [main] INFO  InitializeServiceImpl - {} - Ventilation_init - Begin
09-22-2017 17:12:08.892 [main] WARN  DropTableDASImpl - {} - table Ventilation_init does not exist
09-22-2017 17:12:19.549 [main] INFO  InitializeServiceImpl - {} - Ventilation_init - Done
09-22-2017 17:12:19.549 [main] INFO  InitializeServiceImpl - {} - Eclairage_init - Begin
09-22-2017 17:12:19.549 [main] WARN  DropTableDASImpl - {} - table Eclairage_init does not exist
09-22-2017 17:12:20.735 [main] INFO  InitializeServiceImpl - {} - Eclairage_init - Done
09-22-2017 17:12:20.735 [main] INFO  InitializeServiceImpl - {} - Bureautique_init - Begin
09-22-2017 17:12:20.735 [main] WARN  DropTableDASImpl - {} - table Bureautique_init does not exist
09-22-2017 17:12:22.048 [main] INFO  InitializeServiceImpl - {} - Bureautique_init - Done
09-22-2017 17:12:22.048 [main] INFO  InitializeServiceImpl - {} - Surface_moy - Begin
09-22-2017 17:12:22.048 [main] WARN  DropTableDASImpl - {} - table Surface_moy does not exist
09-22-2017 17:12:22.283 [main] INFO  InitializeServiceImpl - {} - Surface_moy - Done
09-22-2017 17:12:22.283 [main] INFO  InitializeServiceImpl - {} - ECS_couts - Begin
09-22-2017 17:12:22.283 [main] WARN  DropTableDASImpl - {} - table ECS_couts does not exist
09-22-2017 17:12:22.345 [main] INFO  InitializeServiceImpl - {} - ECS_couts - Done
09-22-2017 17:12:22.345 [main] INFO  InitializeServiceImpl - {} - Code_sys - Begin
09-22-2017 17:12:22.345 [main] WARN  DropTableDASImpl - {} - table Code_sys does not exist
09-22-2017 17:12:22.423 [main] INFO  InitializeServiceImpl - {} - Code_sys - Done
09-22-2017 17:12:22.423 [main] INFO  InitializeServiceImpl - {} - Parc_init - Begin
09-22-2017 17:12:22.423 [main] WARN  DropTableDASImpl - {} - table Parc_init does not exist
09-22-2017 17:12:33.861 [main] INFO  InitializeServiceImpl - {} - Parc_init - Done
09-22-2017 17:12:33.861 [main] INFO  InitializeServiceImpl - {} - Autre_init - Begin
09-22-2017 17:12:33.861 [main] WARN  DropTableDASImpl - {} - table Autre_init does not exist
09-22-2017 17:12:39.308 [main] INFO  InitializeServiceImpl - {} - Autre_init - Done
09-22-2017 17:12:39.308 [main] WARN  DropTableDASImpl - {} - table Parc_entrant does not exist
09-22-2017 17:12:39.372 [main] INFO  InitializeServiceImpl - {} - Create Parc_entrant - Done
09-22-2017 17:12:39.372 [main] WARN  DropTableDASImpl - {} - table Parc_sortant does not exist
09-22-2017 17:12:39.403 [main] INFO  InitializeServiceImpl - {} - Create Parc_sortant - Done
09-22-2017 17:12:39.403 [main] WARN  DropTableDASImpl - {} - table Entrees_parc does not exist
09-22-2017 17:12:39.434 [main] INFO  InitializeServiceImpl - {} - Create Entrees_parc - Done
09-22-2017 17:12:39.434 [main] WARN  DropTableDASImpl - {} - table Sorties_parc does not exist
09-22-2017 17:12:39.497 [main] INFO  InitializeServiceImpl - {} - Create Sorties_parc - Done
09-22-2017 17:12:39.497 [main] WARN  DropTableDASImpl - {} - table Parc_resultats does not exist
09-22-2017 17:12:39.543 [main] INFO  InitializeServiceImpl - {} - Create Parc_resultats - Done
09-22-2017 17:12:39.543 [main] WARN  DropTableDASImpl - {} - table Gains_nonRT does not exist
09-22-2017 17:12:39.575 [main] INFO  InitializeServiceImpl - {} - Create Gains_nonRT - Done
09-22-2017 17:12:39.575 [main] WARN  DropTableDASImpl - {} - table PM_cuisson does not exist
09-22-2017 17:12:39.606 [main] INFO  InitializeServiceImpl - {} - Create PM_cuisson - Done
09-22-2017 17:12:39.621 [main] WARN  DropTableDASImpl - {} - table PM_autres does not exist
09-22-2017 17:12:39.637 [main] INFO  InitializeServiceImpl - {} - Create PM_autres - Done
09-22-2017 17:12:39.653 [main] WARN  DropTableDASImpl - {} - table PM_cuisson_chgt does not exist
09-22-2017 17:12:39.668 [main] INFO  InitializeServiceImpl - {} - Create PM_cuisson_chgt - Done
09-22-2017 17:12:39.668 [main] WARN  DropTableDASImpl - {} - table PM_autres_chgt does not exist
09-22-2017 17:12:39.699 [main] INFO  InitializeServiceImpl - {} - Create PM_autres_chgt - Done
09-22-2017 17:12:39.699 [main] WARN  DropTableDASImpl - {} - table DV_autres does not exist
09-22-2017 17:12:39.715 [main] INFO  InitializeServiceImpl - {} - Create DV_autres - Done
09-22-2017 17:12:39.715 [main] WARN  DropTableDASImpl - {} - table BesoinU_neuf does not exist
09-22-2017 17:12:39.746 [main] INFO  InitializeServiceImpl - {} - Create BesoinU_neuf - Done
09-22-2017 17:12:39.746 [main] WARN  DropTableDASImpl - {} - table Conso_non_RT_resultats does not exist
09-22-2017 17:12:39.762 [main] INFO  InitializeServiceImpl - {} - Create Conso_non_RT_resultats - Done
09-22-2017 17:12:39.777 [main] WARN  DropTableDASImpl - {} - table Gains_Froid_Alim_Rglt does not exist
09-22-2017 17:12:39.793 [main] INFO  InitializeServiceImpl - {} - Create Gains_Froid_Alim_Rglt - Done
09-22-2017 17:12:39.793 [main] WARN  DropTableDASImpl - {} - table Rythme_Froid_Alim_Rglt does not exist
09-22-2017 17:12:39.824 [main] INFO  InitializeServiceImpl - {} - Create Rythme_Froid_Alim_Rglt - Done
09-22-2017 17:12:39.824 [main] WARN  DropTableDASImpl - {} - table Rendement_ECS does not exist
09-22-2017 17:12:39.855 [main] INFO  InitializeServiceImpl - {} - Create Rendement_ECS - Done
09-22-2017 17:12:39.855 [main] WARN  DropTableDASImpl - {} - table Rendement_performant_ECS does not exist
09-22-2017 17:12:39.871 [main] INFO  InitializeServiceImpl - {} - Create Rendement_performant_ECS - Done
09-22-2017 17:12:39.871 [main] WARN  DropTableDASImpl - {} - table Part_sys_performants_ECS does not exist
09-22-2017 17:12:39.902 [main] INFO  InitializeServiceImpl - {} - Create Part_sys_performants_ECS - Done
09-22-2017 17:12:39.902 [main] WARN  DropTableDASImpl - {} - table PM_ECS_Neuf does not exist
09-22-2017 17:12:39.933 [main] INFO  InitializeServiceImpl - {} - Create PM_ECS_Neuf - Done
09-22-2017 17:12:39.933 [main] WARN  DropTableDASImpl - {} - table PM_ECS_Chgt does not exist
09-22-2017 17:12:39.949 [main] INFO  InitializeServiceImpl - {} - Create PM_ECS_Chgt - Done
09-22-2017 17:12:39.949 [main] WARN  DropTableDASImpl - {} - table Solaire_ECS does not exist
09-22-2017 17:12:39.980 [main] INFO  InitializeServiceImpl - {} - Create Solaire_ECS - Done
09-22-2017 17:12:39.980 [main] WARN  DropTableDASImpl - {} - table Tx_Couv_Solaire does not exist
09-22-2017 17:12:40.011 [main] INFO  InitializeServiceImpl - {} - Create Tx_Couv_Solaire - Done
09-22-2017 17:12:40.011 [main] WARN  DropTableDASImpl - {} - table DV_ECS does not exist
09-22-2017 17:12:40.043 [main] INFO  InitializeServiceImpl - {} - Create DV_ECS - Done
09-22-2017 17:12:40.043 [main] WARN  DropTableDASImpl - {} - table Conso_RT_resultats does not exist
09-22-2017 17:12:40.058 [main] INFO  InitializeServiceImpl - {} - Create Conso_RT_resultats - Done
09-22-2017 17:12:40.058 [main] WARN  DropTableDASImpl - {} - table Parametres_financiers does not exist
09-22-2017 17:12:40.105 [main] INFO  InitializeServiceImpl - {} - Create Parametres_financiers - Done
09-22-2017 17:12:40.105 [main] WARN  DropTableDASImpl - {} - table Besoin_RT_resultats does not exist
09-22-2017 17:12:40.152 [main] INFO  InitializeServiceImpl - {} - Create Besoin_RT_resultats - Done
09-22-2017 17:12:40.152 [main] WARN  DropTableDASImpl - {} - table DV_Clim does not exist
09-22-2017 17:12:40.183 [main] INFO  InitializeServiceImpl - {} - Create DV_Clim - Done
09-22-2017 17:12:40.183 [main] WARN  DropTableDASImpl - {} - table Tx_Clim_Existant does not exist
09-22-2017 17:12:40.261 [main] INFO  InitializeServiceImpl - {} - Create Tx_Clim_Existant - Done
09-22-2017 17:12:40.277 [main] WARN  DropTableDASImpl - {} - table Tx_Clim_Neuf does not exist
09-22-2017 17:12:40.308 [main] INFO  InitializeServiceImpl - {} - Create Tx_Clim_Neuf - Done
09-22-2017 17:12:40.308 [main] WARN  DropTableDASImpl - {} - table Besoin_RT_resultats_test does not exist
09-22-2017 17:12:40.339 [main] INFO  InitializeServiceImpl - {} - Create Besoin_RT_resultats_test - Done
09-22-2017 17:12:40.339 [main] WARN  DropTableDASImpl - {} - table Rendement_RT_resultats_test does not exist
09-22-2017 17:12:40.371 [main] INFO  InitializeServiceImpl - {} - Create Rendement_RT_resultats_test - Done
09-22-2017 17:12:40.371 [main] WARN  DropTableDASImpl - {} - table Gains_eclairage does not exist
09-22-2017 17:12:40.402 [main] INFO  InitializeServiceImpl - {} - Create Gains_eclairage - Done
09-22-2017 17:12:40.418 [main] WARN  DropTableDASImpl - {} - table Gains_ventilation does not exist
09-22-2017 17:12:40.449 [main] INFO  InitializeServiceImpl - {} - Create Gains_ventilation - Done
09-22-2017 17:12:40.449 [main] WARN  DropTableDASImpl - {} - table Couts_resultats does not exist
09-22-2017 17:12:40.465 [main] INFO  InitializeServiceImpl - {} - Create Couts_resultats - Done
09-22-2017 17:12:40.480 [main] WARN  DropTableDASImpl - {} - table Facteurs_emission does not exist
09-22-2017 17:12:40.496 [main] INFO  InitializeServiceImpl - {} - Create Facteurs_emission - Done
09-22-2017 17:12:40.512 [main] WARN  DropTableDASImpl - {} - table DV_chauffage does not exist
09-22-2017 17:12:40.527 [main] INFO  InitializeServiceImpl - {} - Create DV_chauffage - Done
09-22-2017 17:12:40.543 [main] WARN  DropTableDASImpl - {} - table DV_parois does not exist
09-22-2017 17:12:40.808 [main] INFO  InitializeServiceImpl - {} - Create DV_parois - Done
09-22-2017 17:12:40.808 [main] WARN  DropTableDASImpl - {} - table Cout_Energies does not exist
09-22-2017 17:12:40.839 [main] INFO  InitializeServiceImpl - {} - Create Cout_Energies - Done
09-22-2017 17:12:40.839 [main] WARN  DropTableDASImpl - {} - table Taux_Actu does not exist
09-22-2017 17:12:40.870 [main] INFO  InitializeServiceImpl - {} - Create Taux_Actu - Done
09-22-2017 17:12:40.870 [main] WARN  DropTableDASImpl - {} - table Proprio_Locataire does not exist
09-22-2017 17:12:40.902 [main] INFO  InitializeServiceImpl - {} - Create Proprio_Locataire - Done
09-22-2017 17:12:40.902 [main] WARN  DropTableDASImpl - {} - table Emissions does not exist
09-22-2017 17:12:40.933 [main] INFO  InitializeServiceImpl - {} - Create Emissions - Done
09-22-2017 17:12:40.933 [main] WARN  DropTableDASImpl - {} - table Resultats_Financements does not exist
09-22-2017 17:12:40.964 [main] INFO  InitializeServiceImpl - {} - Create Resultats_Financements - Done
09-22-2017 17:12:40.980 [main] WARN  DropTableDASImpl - {} - table Rt_existant does not exist
09-22-2017 17:12:40.995 [main] INFO  InitializeServiceImpl - {} - Create Rt_existant - Done
09-22-2017 17:12:41.011 [main] WARN  DropTableDASImpl - {} - table Valeur_Verte does not exist
09-22-2017 17:12:41.026 [main] INFO  InitializeServiceImpl - {} - Create Valeur_Verte - Done
09-22-2017 17:12:41.026 [main] WARN  DropTableDASImpl - {} - table Obligation_travaux_Ex does not exist
09-22-2017 17:12:41.058 [main] INFO  InitializeServiceImpl - {} - Create Obligation_travaux_Ex - Done
09-22-2017 17:12:41.058 [main] WARN  DropTableDASImpl - {} - table Obligation_travaux_Surf does not exist
09-22-2017 17:12:41.338 [main] INFO  InitializeServiceImpl - {} - Create Obligation_travaux_Surf - Done
09-22-2017 17:12:41.338 [main] WARN  DropTableDASImpl - {} - table Decret_travaux does not exist
09-22-2017 17:12:41.385 [main] INFO  InitializeServiceImpl - {} - Create Decret_travaux - Done
09-22-2017 17:12:41.385 [main] WARN  DropTableDASImpl - {} - table Effet_Rebond does not exist
09-22-2017 17:12:41.417 [main] INFO  InitializeServiceImpl - {} - Create Effet_Rebond - Done
09-22-2017 17:12:41.433 [main] WARN  DropTableDASImpl - {} - table Evolution_couts does not exist
09-22-2017 17:12:41.449 [main] INFO  InitializeServiceImpl - {} - Create Evolution_couts - Done
09-22-2017 17:12:41.464 [main] WARN  DropTableDASImpl - {} - table Evolution_couts_bati does not exist
09-22-2017 17:12:41.480 [main] INFO  InitializeServiceImpl - {} - Create Evolution_couts_bati - Done
09-22-2017 17:12:41.480 [main] WARN  DropTableDASImpl - {} - table Maintenance does not exist
09-22-2017 17:12:41.511 [main] INFO  InitializeServiceImpl - {} - Create Maintenance - Done
09-22-2017 17:12:41.511 [main] WARN  DropTableDASImpl - {} - table Elasticite_prix does not exist
09-22-2017 17:12:41.542 [main] INFO  InitializeServiceImpl - {} - Create Elasticite_prix - Done
09-22-2017 17:12:41.542 [main] INFO  InitializeServiceImpl - {} - creation time : 112429ms
09-22-2017 17:12:41.542 [main] INFO  LauncherInit - {} - End engine
